<?xml version="1.0" encoding="UTF-8"?>
<coverage generated="1722628913061" clover="3.2.0">
  <project timestamp="1722628913061" name="All files">
    <metrics statements="38" coveredstatements="37" conditionals="12" coveredconditionals="9" methods="15" coveredmethods="15" elements="65" coveredelements="61" complexity="0" loc="38" ncloc="38" packages="2" files="4" classes="4"/>
    <package name="Pruebas_Ventas">
      <metrics statements="13" coveredstatements="13" conditionals="0" coveredconditionals="0" methods="1" coveredmethods="1"/>
      <file name="app.js" path="C:\Users\USER\OneDrive - Universidad Nacional Agraria de la Selva\1PRUEBAS DE SOFTWARE\Pruebas_Ventas\app.js">
        <metrics statements="6" coveredstatements="6" conditionals="0" coveredconditionals="0" methods="0" coveredmethods="0"/>
        <line num="2" count="1" type="stmt"/>
        <line num="3" count="1" type="stmt"/>
        <line num="5" count="1" type="stmt"/>
        <line num="7" count="1" type="stmt"/>
        <line num="8" count="1" type="stmt"/>
        <line num="10" count="1" type="stmt"/>
      </file>
      <file name="routes.js" path="C:\Users\USER\OneDrive - Universidad Nacional Agraria de la Selva\1PRUEBAS DE SOFTWARE\Pruebas_Ventas\routes.js">
        <metrics statements="7" coveredstatements="7" conditionals="0" coveredconditionals="0" methods="1" coveredmethods="1"/>
        <line num="2" count="1" type="stmt"/>
        <line num="3" count="1" type="stmt"/>
        <line num="5" count="1" type="stmt"/>
        <line num="6" count="1" type="stmt"/>
        <line num="7" count="1" type="stmt"/>
        <line num="8" count="1" type="stmt"/>
        <line num="11" count="1" type="stmt"/>
      </file>
    </package>
    <package name="Pruebas_Ventas.src">
      <metrics statements="25" coveredstatements="24" conditionals="12" coveredconditionals="9" methods="14" coveredmethods="14"/>
      <file name="accounts.js" path="C:\Users\USER\OneDrive - Universidad Nacional Agraria de la Selva\1PRUEBAS DE SOFTWARE\Pruebas_Ventas\src\accounts.js">
        <metrics statements="15" coveredstatements="14" conditionals="10" coveredconditionals="7" methods="8" coveredmethods="8"/>
        <line num="2" count="4" type="stmt"/>
        <line num="5" count="4" type="cond" truecount="3" falsecount="1"/>
        <line num="6" count="4" type="stmt"/>
        <line num="7" count="4" type="stmt"/>
        <line num="11" count="1" type="cond" truecount="2" falsecount="0"/>
        <line num="12" count="1" type="cond" truecount="1" falsecount="1"/>
        <line num="16" count="1" type="stmt"/>
        <line num="17" count="1" type="cond" truecount="1" falsecount="1"/>
        <line num="18" count="1" type="stmt"/>
        <line num="19" count="1" type="stmt"/>
        <line num="21" count="0" type="stmt"/>
        <line num="25" count="1" type="stmt"/>
        <line num="26" count="1" type="stmt"/>
        <line num="30" count="3" type="stmt"/>
        <line num="33" count="4" type="stmt"/>
      </file>
      <file name="cart.js" path="C:\Users\USER\OneDrive - Universidad Nacional Agraria de la Selva\1PRUEBAS DE SOFTWARE\Pruebas_Ventas\src\cart.js">
        <metrics statements="10" coveredstatements="10" conditionals="2" coveredconditionals="2" methods="6" coveredmethods="6"/>
        <line num="1" count="4" type="stmt"/>
        <line num="4" count="5" type="stmt"/>
        <line num="5" count="5" type="stmt"/>
        <line num="9" count="3" type="cond" truecount="2" falsecount="0"/>
        <line num="10" count="2" type="stmt"/>
        <line num="14" count="3" type="stmt"/>
        <line num="18" count="2" type="stmt"/>
        <line num="22" count="1" type="stmt"/>
        <line num="23" count="1" type="stmt"/>
        <line num="26" count="4" type="stmt"/>
      </file>
    </package>
  </project>
</coverage>
