{"C:\\Users\\USER\\OneDrive - Universidad Nacional Agraria de la Selva\\1PRUEBAS DE SOFTWARE\\Pruebas_Ventas\\app.js": {"path":"C:\\Users\\USER\\OneDrive - Universidad Nacional Agraria de la Selva\\1PRUEBAS DE SOFTWARE\\Pruebas_Ventas\\app.js","statementMap":{"0":{"start":{"line":2,"column":16},"end":{"line":2,"column":34}},"1":{"start":{"line":3,"column":19},"end":{"line":3,"column":38}},"2":{"start":{"line":5,"column":12},"end":{"line":5,"column":21}},"3":{"start":{"line":7,"column":0},"end":{"line":7,"column":24}},"4":{"start":{"line":8,"column":0},"end":{"line":8,"column":16}},"5":{"start":{"line":10,"column":0},"end":{"line":10,"column":25}}},"fnMap":{},"branchMap":{},"s":{"0":1,"1":1,"2":1,"3":1,"4":1,"5":1},"f":{},"b":{},"_coverageSchema":"1a1c01bbd47fc00a2c39e90264f33305004495a9","hash":"c918788af8e569bbbbe5be75a6b3a76a4e6e6363"}
,"C:\\Users\\USER\\OneDrive - Universidad Nacional Agraria de la Selva\\1PRUEBAS DE SOFTWARE\\Pruebas_Ventas\\routes.js": {"path":"C:\\Users\\USER\\OneDrive - Universidad Nacional Agraria de la Selva\\1PRUEBAS DE SOFTWARE\\Pruebas_Ventas\\routes.js","statementMap":{"0":{"start":{"line":2,"column":16},"end":{"line":2,"column":34}},"1":{"start":{"line":3,"column":15},"end":{"line":3,"column":31}},"2":{"start":{"line":5,"column":0},"end":{"line":9,"column":3}},"3":{"start":{"line":6,"column":39},"end":{"line":6,"column":47}},"4":{"start":{"line":7,"column":14},"end":{"line":7,"column":19}},"5":{"start":{"line":8,"column":2},"end":{"line":8,"column":58}},"6":{"start":{"line":11,"column":0},"end":{"line":11,"column":28}}},"fnMap":{"0":{"name":"(anonymous_0)","decl":{"start":{"line":5,"column":25},"end":{"line":5,"column":26}},"loc":{"start":{"line":5,"column":39},"end":{"line":9,"column":1}},"line":5}},"branchMap":{},"s":{"0":1,"1":1,"2":1,"3":1,"4":1,"5":1,"6":1},"f":{"0":1},"b":{},"_coverageSchema":"1a1c01bbd47fc00a2c39e90264f33305004495a9","hash":"3b3ec02228d2a200ef5ca30f7696d2c9abeb1cc1"}
,"C:\\Users\\USER\\OneDrive - Universidad Nacional Agraria de la Selva\\1PRUEBAS DE SOFTWARE\\Pruebas_Ventas\\src\\accounts.js": {"path":"C:\\Users\\USER\\OneDrive - Universidad Nacional Agraria de la Selva\\1PRUEBAS DE SOFTWARE\\Pruebas_Ventas\\src\\accounts.js","statementMap":{"0":{"start":{"line":2,"column":15},"end":{"line":2,"column":17}},"1":{"start":{"line":5,"column":4},"end":{"line":5,"column":68}},"2":{"start":{"line":5,"column":33},"end":{"line":5,"column":68}},"3":{"start":{"line":6,"column":4},"end":{"line":6,"column":43}},"4":{"start":{"line":7,"column":4},"end":{"line":7,"column":42}},"5":{"start":{"line":11,"column":20},"end":{"line":11,"column":98}},"6":{"start":{"line":11,"column":41},"end":{"line":11,"column":97}},"7":{"start":{"line":12,"column":4},"end":{"line":12,"column":34}},"8":{"start":{"line":16,"column":20},"end":{"line":16,"column":65}},"9":{"start":{"line":16,"column":41},"end":{"line":16,"column":64}},"10":{"start":{"line":17,"column":4},"end":{"line":20,"column":5}},"11":{"start":{"line":18,"column":8},"end":{"line":18,"column":45}},"12":{"start":{"line":19,"column":8},"end":{"line":19,"column":46}},"13":{"start":{"line":21,"column":4},"end":{"line":21,"column":38}},"14":{"start":{"line":25,"column":4},"end":{"line":25,"column":63}},"15":{"start":{"line":25,"column":38},"end":{"line":25,"column":61}},"16":{"start":{"line":26,"column":4},"end":{"line":26,"column":42}},"17":{"start":{"line":30,"column":4},"end":{"line":30,"column":20}},"18":{"start":{"line":33,"column":0},"end":{"line":39,"column":2}}},"fnMap":{"0":{"name":"createAccount","decl":{"start":{"line":4,"column":9},"end":{"line":4,"column":22}},"loc":{"start":{"line":4,"column":44},"end":{"line":8,"column":1}},"line":4},"1":{"name":"login","decl":{"start":{"line":10,"column":9},"end":{"line":10,"column":14}},"loc":{"start":{"line":10,"column":36},"end":{"line":13,"column":1}},"line":10},"2":{"name":"(anonymous_2)","decl":{"start":{"line":11,"column":34},"end":{"line":11,"column":35}},"loc":{"start":{"line":11,"column":41},"end":{"line":11,"column":97}},"line":11},"3":{"name":"updateAccount","decl":{"start":{"line":15,"column":9},"end":{"line":15,"column":22}},"loc":{"start":{"line":15,"column":49},"end":{"line":22,"column":1}},"line":15},"4":{"name":"(anonymous_4)","decl":{"start":{"line":16,"column":34},"end":{"line":16,"column":35}},"loc":{"start":{"line":16,"column":41},"end":{"line":16,"column":64}},"line":16},"5":{"name":"deleteAccount","decl":{"start":{"line":24,"column":9},"end":{"line":24,"column":22}},"loc":{"start":{"line":24,"column":32},"end":{"line":27,"column":1}},"line":24},"6":{"name":"(anonymous_6)","decl":{"start":{"line":25,"column":31},"end":{"line":25,"column":32}},"loc":{"start":{"line":25,"column":38},"end":{"line":25,"column":61}},"line":25},"7":{"name":"getAccounts","decl":{"start":{"line":29,"column":9},"end":{"line":29,"column":20}},"loc":{"start":{"line":29,"column":23},"end":{"line":31,"column":1}},"line":29}},"branchMap":{"0":{"loc":{"start":{"line":5,"column":4},"end":{"line":5,"column":68}},"type":"if","locations":[{"start":{"line":5,"column":4},"end":{"line":5,"column":68}},{"start":{},"end":{}}],"line":5},"1":{"loc":{"start":{"line":5,"column":8},"end":{"line":5,"column":31}},"type":"binary-expr","locations":[{"start":{"line":5,"column":8},"end":{"line":5,"column":16}},{"start":{"line":5,"column":20},"end":{"line":5,"column":31}}],"line":5},"2":{"loc":{"start":{"line":11,"column":41},"end":{"line":11,"column":97}},"type":"binary-expr","locations":[{"start":{"line":11,"column":41},"end":{"line":11,"column":64}},{"start":{"line":11,"column":68},"end":{"line":11,"column":97}}],"line":11},"3":{"loc":{"start":{"line":12,"column":11},"end":{"line":12,"column":33}},"type":"cond-expr","locations":[{"start":{"line":12,"column":21},"end":{"line":12,"column":25}},{"start":{"line":12,"column":28},"end":{"line":12,"column":33}}],"line":12},"4":{"loc":{"start":{"line":17,"column":4},"end":{"line":20,"column":5}},"type":"if","locations":[{"start":{"line":17,"column":4},"end":{"line":20,"column":5}},{"start":{},"end":{}}],"line":17}},"s":{"0":4,"1":4,"2":0,"3":4,"4":4,"5":1,"6":1,"7":1,"8":1,"9":1,"10":1,"11":1,"12":1,"13":0,"14":1,"15":1,"16":1,"17":3,"18":4},"f":{"0":4,"1":1,"2":1,"3":1,"4":1,"5":1,"6":1,"7":3},"b":{"0":[0,4],"1":[4,4],"2":[1,1],"3":[1,0],"4":[1,0]},"_coverageSchema":"1a1c01bbd47fc00a2c39e90264f33305004495a9","hash":"d70856e7f24d6180e86241da9b3f817e1bd1c19e"}
,"C:\\Users\\USER\\OneDrive - Universidad Nacional Agraria de la Selva\\1PRUEBAS DE SOFTWARE\\Pruebas_Ventas\\src\\cart.js": {"path":"C:\\Users\\USER\\OneDrive - Universidad Nacional Agraria de la Selva\\1PRUEBAS DE SOFTWARE\\Pruebas_Ventas\\src\\cart.js","statementMap":{"0":{"start":{"line":1,"column":11},"end":{"line":1,"column":13}},"1":{"start":{"line":4,"column":2},"end":{"line":4,"column":31}},"2":{"start":{"line":5,"column":2},"end":{"line":5,"column":33}},"3":{"start":{"line":9,"column":2},"end":{"line":9,"column":80}},"4":{"start":{"line":9,"column":29},"end":{"line":9,"column":78}},"5":{"start":{"line":10,"column":2},"end":{"line":10,"column":37}},"6":{"start":{"line":14,"column":2},"end":{"line":14,"column":14}},"7":{"start":{"line":18,"column":2},"end":{"line":18,"column":21}},"8":{"start":{"line":22,"column":2},"end":{"line":22,"column":12}},"9":{"start":{"line":23,"column":2},"end":{"line":23,"column":31}},"10":{"start":{"line":26,"column":0},"end":{"line":32,"column":2}}},"fnMap":{"0":{"name":"addToCart","decl":{"start":{"line":3,"column":9},"end":{"line":3,"column":18}},"loc":{"start":{"line":3,"column":34},"end":{"line":6,"column":1}},"line":3},"1":{"name":"removeFromCart","decl":{"start":{"line":8,"column":9},"end":{"line":8,"column":23}},"loc":{"start":{"line":8,"column":39},"end":{"line":11,"column":1}},"line":8},"2":{"name":"(anonymous_2)","decl":{"start":{"line":9,"column":21},"end":{"line":9,"column":22}},"loc":{"start":{"line":9,"column":29},"end":{"line":9,"column":78}},"line":9},"3":{"name":"getCartItems","decl":{"start":{"line":13,"column":9},"end":{"line":13,"column":21}},"loc":{"start":{"line":13,"column":24},"end":{"line":15,"column":1}},"line":13},"4":{"name":"getCartQuantity","decl":{"start":{"line":17,"column":9},"end":{"line":17,"column":24}},"loc":{"start":{"line":17,"column":27},"end":{"line":19,"column":1}},"line":17},"5":{"name":"proceedToCheckout","decl":{"start":{"line":21,"column":9},"end":{"line":21,"column":26}},"loc":{"start":{"line":21,"column":29},"end":{"line":24,"column":1}},"line":21}},"branchMap":{"0":{"loc":{"start":{"line":9,"column":31},"end":{"line":9,"column":77}},"type":"binary-expr","locations":[{"start":{"line":9,"column":31},"end":{"line":9,"column":55}},{"start":{"line":9,"column":59},"end":{"line":9,"column":77}}],"line":9}},"s":{"0":4,"1":5,"2":5,"3":2,"4":3,"5":2,"6":3,"7":2,"8":1,"9":1,"10":4},"f":{"0":5,"1":2,"2":3,"3":3,"4":2,"5":1},"b":{"0":[3,2]},"_coverageSchema":"1a1c01bbd47fc00a2c39e90264f33305004495a9","hash":"685af1b1fcbcc5bee247cee5c2ffdb5768868fc2"}
}
