TN:
SF:app.js
FNF:0
FNH:0
DA:2,1
DA:3,1
DA:5,1
DA:7,1
DA:8,1
DA:10,1
LF:6
LH:6
BRF:0
BRH:0
end_of_record
TN:
SF:routes.js
FN:5,(anonymous_0)
FNF:1
FNH:1
FNDA:1,(anonymous_0)
DA:2,1
DA:3,1
DA:5,1
DA:6,1
DA:7,1
DA:8,1
DA:11,1
LF:7
LH:7
BRF:0
BRH:0
end_of_record
TN:
SF:src\accounts.js
FN:4,createAccount
FN:10,login
FN:11,(anonymous_2)
FN:15,updateAccount
FN:16,(anonymous_4)
FN:24,deleteAccount
FN:25,(anonymous_6)
FN:29,getAccounts
FNF:8
FNH:8
FNDA:4,createAccount
FNDA:1,login
FNDA:1,(anonymous_2)
FNDA:1,updateAccount
FNDA:1,(anonymous_4)
FNDA:1,deleteAccount
FNDA:1,(anonymous_6)
FNDA:3,getAccounts
DA:2,4
DA:5,4
DA:6,4
DA:7,4
DA:11,1
DA:12,1
DA:16,1
DA:17,1
DA:18,1
DA:19,1
DA:21,0
DA:25,1
DA:26,1
DA:30,3
DA:33,4
LF:15
LH:14
BRDA:5,0,0,0
BRDA:5,0,1,4
BRDA:5,1,0,4
BRDA:5,1,1,4
BRDA:11,2,0,1
BRDA:11,2,1,1
BRDA:12,3,0,1
BRDA:12,3,1,0
BRDA:17,4,0,1
BRDA:17,4,1,0
BRF:10
BRH:7
end_of_record
TN:
SF:src\cart.js
FN:3,addToCart
FN:8,removeFromCart
FN:9,(anonymous_2)
FN:13,getCartItems
FN:17,getCartQuantity
FN:21,proceedToCheckout
FNF:6
FNH:6
FNDA:5,addToCart
FNDA:2,removeFromCart
FNDA:3,(anonymous_2)
FNDA:3,getCartItems
FNDA:2,getCartQuantity
FNDA:1,proceedToCheckout
DA:1,4
DA:4,5
DA:5,5
DA:9,3
DA:10,2
DA:14,3
DA:18,2
DA:22,1
DA:23,1
DA:26,4
LF:10
LH:10
BRDA:9,0,0,3
BRDA:9,0,1,2
BRF:2
BRH:2
end_of_record
